/*C21*/SET SCHEMA PUBLIC
drop table books if exists
create table books (id varchar(255) not null, link varchar(255), title varchar(255), primary key (id))
INSERT INTO BOOKS VALUES('WYFFbVYEzvkC','https://www.googleapis.com/books/v1/volumes/WYFFbVYEzvkC','Casa-grande E Senzala')
COMMIT
drop table books if exists
DISCONNECT
/*C20*/SET SCHEMA PUBLIC
DISCONNECT
/*C19*/SET SCHEMA PUBLIC
DISCONNECT
/*C18*/SET SCHEMA PUBLIC
DISCONNECT
/*C17*/SET SCHEMA PUBLIC
DISCONNECT
/*C16*/SET SCHEMA PUBLIC
DISCONNECT
/*C15*/SET SCHEMA PUBLIC
DISCONNECT
/*C14*/SET SCHEMA PUBLIC
DISCONNECT
/*C13*/SET SCHEMA PUBLIC
DISCONNECT
/*C12*/SET SCHEMA PUBLIC
DISCONNECT
